<?xml version="1.0" encoding="UTF-8"?>
<!-- Generated by org.testng.reporters.JUnitReportReporter -->
<testsuite hostname="Mypc" name="grid.GridEg1" tests="2" failures="0" timestamp="2 Aug 2017 10:28:13 GMT" time="113.839" errors="0">
  <testcase name="sample" time="48.188" classname="grid.GridEg1"/>
  <testcase name="sample" time="65.651" classname="grid.GridEg1"/>
</testsuite> <!-- grid.GridEg1 -->
