<?xml version="1.0" encoding="UTF-8"?>
<!-- Generated by org.testng.reporters.JUnitReportReporter -->
<testsuite hostname="Mypc" name="pom.LoginTc" tests="1" failures="0" timestamp="27 Jul 2017 11:00:12 GMT" time="13.790" errors="0">
  <testcase name="t" time="13.790" classname="pom.LoginTc"/>
</testsuite> <!-- pom.LoginTc -->
