<?xml version="1.0" encoding="UTF-8"?>
<!-- Generated by org.testng.reporters.JUnitReportReporter -->
<testsuite hostname="Mypc" name="testNG.EmpRegTest" tests="3" failures="0" timestamp="27 Jul 2017 09:29:07 GMT" time="14.039" errors="0">
  <testcase name="org_Empreg" time="4.634" classname="testNG.EmpRegTest"/>
  <testcase name="org_Empreg" time="5.393" classname="testNG.EmpRegTest"/>
  <testcase name="org_Empreg" time="4.012" classname="testNG.EmpRegTest"/>
</testsuite> <!-- testNG.EmpRegTest -->
