<?xml version="1.0" encoding="UTF-8"?>
<!-- Generated by org.testng.reporters.JUnitReportReporter -->
<testsuite hostname="Mypc" name="testNG.BasicAnnotationsEg" tests="3" failures="0" timestamp="26 Jul 2017 11:40:16 GMT" time="0.026" errors="0">
  <testcase name="apple" time="0.006" classname="testNG.BasicAnnotationsEg"/>
  <testcase name="function2" time="0.006" classname="testNG.BasicAnnotationsEg"/>
  <testcase name="function1" time="0.014" classname="testNG.BasicAnnotationsEg"/>
</testsuite> <!-- testNG.BasicAnnotationsEg -->
