<?xml version="1.0" encoding="UTF-8"?>
<!-- Generated by org.testng.reporters.JUnitReportReporter -->
<testsuite hostname="Mypc" name="testNG.UserregTest" tests="1" failures="0" timestamp="27 Jul 2017 09:18:51 GMT" time="7.646" errors="0">
  <testcase name="org_Userreg" time="7.646" classname="testNG.UserregTest"/>
</testsuite> <!-- testNG.UserregTest -->
